<?xml version="1.0" encoding="UTF-8"?>
<testng-results skipped="0" failed="0" total="1" passed="1">
  <reporter-output>
  </reporter-output>
  <suite name="Default suite" duration-ms="47525" started-at="2019-09-09T13:24:32Z" finished-at="2019-09-09T13:25:19Z">
    <groups>
    </groups>
    <test name="Default test" duration-ms="47525" started-at="2019-09-09T13:24:32Z" finished-at="2019-09-09T13:25:19Z">
      <class name="com.training.sanity.tests.ELTC_010_DisplayCourseList_asTeacher">
        <test-method status="PASS" signature="setUpBeforeClass()[pri:0, instance:com.training.sanity.tests.ELTC_010_DisplayCourseList_asTeacher@482f8f11]" name="setUpBeforeClass" is-config="true" duration-ms="10" started-at="2019-09-09T18:54:32Z" finished-at="2019-09-09T18:54:32Z">
          <reporter-output>
          </reporter-output>
        </test-method> <!-- setUpBeforeClass -->
        <test-method status="PASS" signature="setUp()[pri:0, instance:com.training.sanity.tests.ELTC_010_DisplayCourseList_asTeacher@482f8f11]" name="setUp" is-config="true" duration-ms="27835" started-at="2019-09-09T18:54:32Z" finished-at="2019-09-09T18:54:59Z">
          <reporter-output>
          </reporter-output>
        </test-method> <!-- setUp -->
        <test-method status="PASS" signature="validLoginTest()[pri:0, instance:com.training.sanity.tests.ELTC_010_DisplayCourseList_asTeacher@482f8f11]" name="validLoginTest" duration-ms="17770" started-at="2019-09-09T18:54:59Z" finished-at="2019-09-09T18:55:17Z">
          <reporter-output>
          </reporter-output>
        </test-method> <!-- validLoginTest -->
        <test-method status="PASS" signature="tearDown()[pri:0, instance:com.training.sanity.tests.ELTC_010_DisplayCourseList_asTeacher@482f8f11]" name="tearDown" is-config="true" duration-ms="1900" started-at="2019-09-09T18:55:17Z" finished-at="2019-09-09T18:55:19Z">
          <reporter-output>
          </reporter-output>
        </test-method> <!-- tearDown -->
      </class> <!-- com.training.sanity.tests.ELTC_010_DisplayCourseList_asTeacher -->
    </test> <!-- Default test -->
  </suite> <!-- Default suite -->
</testng-results>
